#! /c/Source/iverilog-install/bin/vvp
:ivl_version "12.0 (devel)" "(s20150603-1539-g2693dd32b)";
:ivl_delay_selection "TYPICAL";
:vpi_time_precision - 12;
:vpi_module "C:\iverilog\lib\ivl\system.vpi";
:vpi_module "C:\iverilog\lib\ivl\vhdl_sys.vpi";
:vpi_module "C:\iverilog\lib\ivl\vhdl_textio.vpi";
:vpi_module "C:\iverilog\lib\ivl\v2005_math.vpi";
:vpi_module "C:\iverilog\lib\ivl\va_math.vpi";
:vpi_module "C:\iverilog\lib\ivl\v2009.vpi";
S_00000204d147d430 .scope package, "$unit" "$unit" 2 1;
 .timescale 0 0;
S_00000204d147d5c0 .scope module, "tb_rand_generator" "tb_rand_generator" 3 3;
 .timescale -9 -12;
v00000204d147bd40_0 .var "clk", 0 0;
v00000204d147bde0_0 .net "rand_num", 11 0, v00000204d1492e00_0;  1 drivers
v00000204d147be80_0 .var "reset_n", 0 0;
S_00000204d1492b30 .scope module, "dut" "rand_generator" 3 10, 4 3 0, S_00000204d147d5c0;
 .timescale -9 -12;
    .port_info 0 /INPUT 1 "clk";
    .port_info 1 /INPUT 1 "reset_n";
    .port_info 2 /OUTPUT 12 "rand_num";
v00000204d1492cc0_0 .var "LFSR", 23 0;
v00000204d1492d60_0 .net "clk", 0 0, v00000204d147bd40_0;  1 drivers
v00000204d1492e00_0 .var "rand_num", 11 0;
v00000204d1492ea0_0 .net "reset_n", 0 0, v00000204d147be80_0;  1 drivers
E_00000204d1479df0 .event posedge, v00000204d1492d60_0;
    .scope S_00000204d1492b30;
T_0 ;
    %wait E_00000204d1479df0;
    %load/vec4 v00000204d1492ea0_0;
    %nor/r;
    %flag_set/vec4 8;
    %jmp/0xz  T_0.0, 8;
    %pushi/vec4 1193046, 0, 24;
    %assign/vec4 v00000204d1492cc0_0, 0;
    %pushi/vec4 0, 0, 12;
    %assign/vec4 v00000204d1492e00_0, 0;
    %jmp T_0.1;
T_0.0 ;
    %load/vec4 v00000204d1492cc0_0;
    %parti/s 23, 0, 2;
    %load/vec4 v00000204d1492cc0_0;
    %parti/s 1, 23, 6;
    %load/vec4 v00000204d1492cc0_0;
    %parti/s 1, 22, 6;
    %xor;
    %load/vec4 v00000204d1492cc0_0;
    %parti/s 1, 21, 6;
    %xor;
    %load/vec4 v00000204d1492cc0_0;
    %parti/s 1, 16, 6;
    %xor;
    %concat/vec4; draw_concat_vec4
    %assign/vec4 v00000204d1492cc0_0, 0;
    %load/vec4 v00000204d1492cc0_0;
    %parti/s 12, 0, 2;
    %assign/vec4 v00000204d1492e00_0, 0;
T_0.1 ;
    %jmp T_0;
    .thread T_0;
    .scope S_00000204d147d5c0;
T_1 ;
    %delay 5000, 0;
    %load/vec4 v00000204d147bd40_0;
    %inv;
    %store/vec4 v00000204d147bd40_0, 0, 1;
    %jmp T_1;
    .thread T_1;
    .scope S_00000204d147d5c0;
T_2 ;
    %pushi/vec4 0, 0, 1;
    %store/vec4 v00000204d147bd40_0, 0, 1;
    %pushi/vec4 0, 0, 1;
    %store/vec4 v00000204d147be80_0, 0, 1;
    %delay 20000, 0;
    %pushi/vec4 1, 0, 1;
    %store/vec4 v00000204d147be80_0, 0, 1;
    %delay 100000, 0;
    %pushi/vec4 0, 0, 1;
    %store/vec4 v00000204d147be80_0, 0, 1;
    %delay 20000, 0;
    %pushi/vec4 1, 0, 1;
    %store/vec4 v00000204d147be80_0, 0, 1;
    %delay 100000, 0;
    %vpi_call/w 3 49 "$finish" {0 0 0};
    %end;
    .thread T_2;
    .scope S_00000204d147d5c0;
T_3 ;
    %vpi_call/w 3 54 "$monitor", "At time %t, reset_n = %b, rand_num = %b", $time, v00000204d147be80_0, v00000204d147bde0_0 {0 0 0};
    %end;
    .thread T_3;
# The file index is used to find the file name in the following table.
:file_names 5;
    "N/A";
    "<interactive>";
    "-";
    ".\src\tb\tb_rand_generator.v";
    ".\src\rand_generator.v";
